make --dry-run --always-make --keep-going --print-directory
make: Entering directory '/home/vulcano/vulcano/UFSC/concorrente/T1/t1-2022.1'
make -C /home/vulcano/vulcano/UFSC/concorrente/T1/t1-2022.1/src all
make[1]: Entering directory '/home/vulcano/vulcano/UFSC/concorrente/T1/t1-2022.1/src'
echo [CC] config.o
cc -Wall -Werror -std=c11 -pthread -D_POSIX_C_SOURCE=200809L  -fsanitize=address -fsanitize=undefined -I /home/vulcano/vulcano/UFSC/concorrente/T1/t1-2022.1/include  -D NDEBUG config.c -c -o config.o
echo [CC] buffet.o
cc -Wall -Werror -std=c11 -pthread -D_POSIX_C_SOURCE=200809L  -fsanitize=address -fsanitize=undefined -I /home/vulcano/vulcano/UFSC/concorrente/T1/t1-2022.1/include  -D NDEBUG buffet.c -c -o buffet.o
echo [CC] worker_gate.o
cc -Wall -Werror -std=c11 -pthread -D_POSIX_C_SOURCE=200809L  -fsanitize=address -fsanitize=undefined -I /home/vulcano/vulcano/UFSC/concorrente/T1/t1-2022.1/include  -D NDEBUG worker_gate.c -c -o worker_gate.o
echo [CC] queue.o
cc -Wall -Werror -std=c11 -pthread -D_POSIX_C_SOURCE=200809L  -fsanitize=address -fsanitize=undefined -I /home/vulcano/vulcano/UFSC/concorrente/T1/t1-2022.1/include  -D NDEBUG queue.c -c -o queue.o
echo [CC] table.o
cc -Wall -Werror -std=c11 -pthread -D_POSIX_C_SOURCE=200809L  -fsanitize=address -fsanitize=undefined -I /home/vulcano/vulcano/UFSC/concorrente/T1/t1-2022.1/include  -D NDEBUG table.c -c -o table.o
echo [CC] globals.o
cc -Wall -Werror -std=c11 -pthread -D_POSIX_C_SOURCE=200809L  -fsanitize=address -fsanitize=undefined -I /home/vulcano/vulcano/UFSC/concorrente/T1/t1-2022.1/include  -D NDEBUG globals.c -c -o globals.o
echo [CC] main.o
cc -Wall -Werror -std=c11 -pthread -D_POSIX_C_SOURCE=200809L  -fsanitize=address -fsanitize=undefined -I /home/vulcano/vulcano/UFSC/concorrente/T1/t1-2022.1/include  -D NDEBUG main.c -c -o main.o
echo [CC] student.o
cc -Wall -Werror -std=c11 -pthread -D_POSIX_C_SOURCE=200809L  -fsanitize=address -fsanitize=undefined -I /home/vulcano/vulcano/UFSC/concorrente/T1/t1-2022.1/include  -D NDEBUG student.c -c -o student.o
echo [CC] chef.o
cc -Wall -Werror -std=c11 -pthread -D_POSIX_C_SOURCE=200809L  -fsanitize=address -fsanitize=undefined -I /home/vulcano/vulcano/UFSC/concorrente/T1/t1-2022.1/include  -D NDEBUG chef.c -c -o chef.o
echo [CC] program
cc  -o /home/vulcano/vulcano/UFSC/concorrente/T1/t1-2022.1/program config.o buffet.o worker_gate.o queue.o table.o globals.o main.o student.o chef.o -lm -lpthread -fsanitize=address -lubsan
make[1]: Leaving directory '/home/vulcano/vulcano/UFSC/concorrente/T1/t1-2022.1/src'
make: Leaving directory '/home/vulcano/vulcano/UFSC/concorrente/T1/t1-2022.1'
 
